<?xml version="1.0" encoding="UTF-8" ?>
<testsuites>
 <testsuite name="Frisby custom expect handler" timestamp="2017-08-19T16:28:09" hostname="localhost" time="0.172" errors="0" tests="1" skipped="0" disabled="0" failures="0">
  <testcase classname="Frisby custom expect handler" name="Should allow custom expect handlers to be registered and used" time="0.172" />
 </testsuite>
</testsuites>